输入路径：D:/code/war3/war3_map/war3_first
输出路径：D:/code/war3/war3_map/war3_first/first_td.w3x
输入格式：Lni
输出模式：slk
结果：0 个错误，0 条警告
用时：1.349 秒
==========================
没有SLK化的数据 (15)
==========================
--------------------------------------------
文本内容同时包含了逗号和双引号
--------------------------------------------
单位 o010 Chuck - Ubertip "Chuck: Here's my phone number. 
[Dave reads it] 
Dave Buznik: "You're gonna die, bitch"? 
Chuck: Oh, sorry. That's a letter I'm writing to Geraldo Rivera."
单位 o001 Carl - Ubertip "He did that little weasel laugh he does.  You know, Hee-Hee-Hee-Hee-Hee-Hee."
单位 o00V Doug - Ubertip "Doug: Well, I may not able to kick your ath but my thithter thure can." Very weak but can give out steroids.
单位 o002 Frank and Jack - Ubertip "When I graduated from first grade, all my dad did was tell me to get a job." Frank and Jack are able to set flaming bags of "poop" for the enemy to step on and have a little splash.
单位 o012 Dave - Ubertip "Dave Buznik: Look everybody, Pana Banana's got a heinie! He's got a heinie! "
单位 o017 "Pam Dawson" - Ubertip "And this is my brother Denny's room, 
[opens a closet door] 
they didn't like my brother very much."
单位 o016 Crazy Eyes - Ubertip "I watch the stock market channel all the time - I just watch because I suspect that anchor man of being an evil leprechaun... he can bullshit everybody else, but he ain't fooling me."
单位 o00Z Stacy - Ubertip "Stacy: Uh, we're in the adult film industry, and, we're lovers. "
单位 o00Y Nate - Ubertip "Nate: Oh, it's perfectely fine Mr. Rydell. I got it under control. See? Iverson just missed the shot, the Sixers lose. Who cares?... THE ANGER SHARKS ARE SWIMMING MY HEAD. YOU GOTTA DUNK THAT SHIT! YOU GOTTA DUNK THAT SHIT!"
单位 o00M Jack Beard - Ubertip "Looks like a slight hill. What do you think?  "And a slant to the left."   "Nah, it looks that way cause you've only got one shoe on.
单位 o00O Juanita - Ubertip "If you're gonna stay home today, you can help me shave my armpits."
单位 o00K Bob Barker - Ubertip "Now, you've had enough... bitch." This tower has incredible range with a touch of splash.
单位 o00X Henry - Ubertip "Henry: I don't think that's an option, Lisa. 
Linda: Linda. 
Henry: I know. I changed your name for your protection. "
单位 o00R Nazo - Ubertip "Fish! Pony! Hip, Hip Hop, Hip Hop anonymous? Damn you! You gave him the easy ones."
单位 o00P Eric - Ubertip "Oh, gross... did you see that guys balls?"  "Yeah... they were weird looking."

==========================
移除未引用对象 (47)
==========================
简化掉的对象数: 2829/3044
---------------------------------------------------------------------
保留的默认对象数: 130/2953
---------------------------------------------------------------------
单位 'hphx' 火凤凰 - 脚本里的'hpxe'[凤凰蛋]引用了它
单位 'hpxe' 凤凰蛋 - 脚本里的'hpxe'[凤凰蛋]引用了它
单位 'ofrt' 堡垒 - 脚本里的'o00C'[Ozzy Osbourne]引用了它
单位 'edob' 猎手大厅 - 脚本里的'e001'[Matt Damon]引用了它
单位 'hbla' 铁匠铺 - 脚本里的'h007'[Halle Berry]引用了它
单位 'uplg' 疾病云雾 - 脚本里的'h000'[Movie Selector]引用了它
单位 'otto' 牛头人图腾 - 脚本里的'o00F'[Mel Gibson]引用了它
技能 'Awar' 粉碎 - 脚本里的'o00F'[Mel Gibson]引用了它
技能 'Apxf' 凤凰火焰 - 脚本里的'hpxe'[凤凰蛋]引用了它
技能 'Adef' 防御 - 脚本里的'h004'[Leonardo Dicaprio]引用了它
技能 'Aesn' 哨兵 - 脚本里的'e001'[Matt Damon]引用了它
技能 'ACrk' 抗性皮肤 - 脚本里的'hpxe'[凤凰蛋]引用了它
技能 'Aihn' 单位物品栏 - 脚本里的'h004'[Leonardo Dicaprio]引用了它
技能 'Asth' 风暴战锤 - 脚本里的'h009'[Harrison Ford]引用了它
技能 'Amgl' 月刃 - 脚本里的'e001'[Matt Damon]引用了它
技能 'Acan' 吞食尸体 - 脚本里的'u007'[Sandra Bullock]引用了它
技能 'Aphx' 火凤凰变形(和凤凰蛋有关的) - 脚本里的'hpxe'[凤凰蛋]引用了它
魔法效果 'Bpoi' 毒 - 脚本里的'o00C'[Ozzy Osbourne]引用了它
魔法效果 'Bphx' 火凤凰 - 脚本里的'hpxe'[凤凰蛋]引用了它
魔法效果 'Bblo' 嗜血术 - 脚本里的'h000'[Movie Selector]引用了它
魔法效果 'Bakb' 战鼓 - 脚本里的'h000'[Movie Selector]引用了它
魔法效果 'Bpxf' 凤凰火焰 - 脚本里的'hpxe'[凤凰蛋]引用了它
魔法效果 'BEar' 强击光环 - 脚本里的'h000'[Movie Selector]引用了它
魔法效果 'Bplg' 疾病云雾 - 脚本里的'h000'[Movie Selector]引用了它
魔法效果 'Xesn' 哨兵(效果) - 脚本里的'e001'[Matt Damon]引用了它
魔法效果 'Bapl' 疾病 - 脚本里的'h000'[Movie Selector]引用了它
魔法效果 'Bpsd' 毒 - 脚本里的'o00C'[Ozzy Osbourne]引用了它
科技 'Rhhb' 风暴战锤 - 脚本里的'h009'[Harrison Ford]引用了它
科技 'Rgfo' 防御浮雕 - 脚本里的'h000'[Movie Selector]引用了它
科技 'Rora' 钢铁远程武器 - 脚本里的'o00C'[Ozzy Osbourne]引用了它
可破坏物 'YTpb' 路径阻断器(陆) - 地图上放置的'YTpb'[路径阻断器(陆)]引用了它
装饰物 'YOsw' 太阳井 - 地图上放置的'YOsw'[太阳井]引用了它
装饰物 'YOwb' 长条白色旗帜 - 地图上放置的'YOwb'[长条白色旗帜]引用了它
装饰物 'YOlp' 挂灯笼的柱子 - 地图上放置的'YOlp'[挂灯笼的柱子]引用了它
---------------------------------------------------------------------
简化掉的自定义对象数: 6/91
---------------------------------------------------------------------
单位 'owtw' Giant Penguin
单位 'uaco' Big Daddy
技能 'AUcs' 腐臭蜂群
技能 'A002' Car Attack
技能 'A000' Car Attack
装饰物 'D001' My Glow

==========================
脚本优化 (39)
==========================
--------------------------------------------------
未引用的全局变量 (7)
--------------------------------------------------
LIBRARY_YDWEGetForceOfPlayerNull - 第[3]行：
LIBRARY_YDWEGetUnitsInRectOfPlayerNull - 第[7]行：
LIBRARY_YDWEGetUnitsOfPlayerMatchingNull - 第[10]行：
LIBRARY_YDWETriggerRegisterEnterRectSimpleNull - 第[14]行：
LIBRARY_YDWETriggerRegisterLeaveRectSimpleNull - 第[17]行：
LIBRARY_YDWEGetUnitsOfPlayerAllNull - 第[21]行：
gg_trg_ObjImportor - 第[92]行：
--------------------------------------------------
未引用的函数 (4)
--------------------------------------------------
YDWEGetUnitsOfPlayerAllNull - 第[222]-[224]行
CreatePlayerUnits - 第[365]-[367]行
LuaInit - 第[430]-[432]行
RunInitializationTriggers - 第[3531]-[3533]行
--------------------------------------------------
未引用的局部变量 (28)
--------------------------------------------------
CreateUnitsForPlayer0 - 第[306]行：[t]
CreateUnitsForPlayer0 - 第[307]行：[life]
CreateBuildingsForPlayer1 - 第[313]行：[u]
CreateBuildingsForPlayer1 - 第[314]行：[unitID]
CreateBuildingsForPlayer1 - 第[315]行：[t]
CreateBuildingsForPlayer1 - 第[316]行：[life]
CreateBuildingsForPlayer2 - 第[322]行：[u]
CreateBuildingsForPlayer2 - 第[323]行：[unitID]
CreateBuildingsForPlayer2 - 第[324]行：[t]
CreateBuildingsForPlayer2 - 第[325]行：[life]
CreateBuildingsForPlayer3 - 第[331]行：[u]
CreateBuildingsForPlayer3 - 第[332]行：[unitID]
CreateBuildingsForPlayer3 - 第[333]行：[t]
CreateBuildingsForPlayer3 - 第[334]行：[life]
CreateBuildingsForPlayer4 - 第[340]行：[u]
CreateBuildingsForPlayer4 - 第[341]行：[unitID]
CreateBuildingsForPlayer4 - 第[342]行：[t]
CreateBuildingsForPlayer4 - 第[343]行：[life]
CreateBuildingsForPlayer8 - 第[349]行：[u]
CreateBuildingsForPlayer8 - 第[350]行：[unitID]
